Traceback (most recent call last):
  File "/usr/local/lib/python3.7/dist-packages/jupyter_cache/executors/utils.py", line 56, in single_nb_execution
    record_timing=False,
  File "/usr/local/lib/python3.7/dist-packages/nbclient/client.py", line 1204, in execute
    return NotebookClient(nb=nb, resources=resources, km=km, **kwargs).execute()
  File "/usr/local/lib/python3.7/dist-packages/nbclient/util.py", line 84, in wrapped
    return just_run(coro(*args, **kwargs))
  File "/usr/local/lib/python3.7/dist-packages/nbclient/util.py", line 62, in just_run
    return loop.run_until_complete(coro)
  File "/usr/lib/python3.7/asyncio/base_events.py", line 587, in run_until_complete
    return future.result()
  File "/usr/local/lib/python3.7/dist-packages/nbclient/client.py", line 664, in async_execute
    cell, index, execution_count=self.code_cells_executed + 1
  File "/usr/local/lib/python3.7/dist-packages/nbclient/client.py", line 965, in async_execute_cell
    await self._check_raise_for_error(cell, cell_index, exec_reply)
  File "/usr/local/lib/python3.7/dist-packages/nbclient/client.py", line 862, in _check_raise_for_error
    raise CellExecutionError.from_cell_and_msg(cell, exec_reply_content)
nbclient.exceptions.CellExecutionError: An error occurred while executing the following cell:
------------------
from sklearn.metrics import make_scorer, accuracy_score,precision_score
listtest=[]
listacc=[]
for i in range(len(testing)):
  accuracy_neigh=round(accuracy_score(y_test,testing[i])* 100, 2)
  acc_neigh = round(neigh.score(X_train, y_train) * 100, 2)
  listappend=listnum[i]
  appendlist=listappend,accuracy_neigh
  listtest.append(appendlist)
  listacc.append(accuracy_neigh)
listtest
------------------

[0;31m[0m
[0;31mTypeError[0mTraceback (most recent call last)
[0;32m<ipython-input-17-34074b6ca3eb>[0m in [0;36m<module>[0;34m[0m
[1;32m      3[0m [0mlistacc[0m[0;34m=[0m[0;34m[[0m[0;34m][0m[0;34m[0m[0;34m[0m[0m
[1;32m      4[0m [0;32mfor[0m [0mi[0m [0;32min[0m [0mrange[0m[0;34m([0m[0mlen[0m[0;34m([0m[0mtesting[0m[0;34m)[0m[0;34m)[0m[0;34m:[0m[0;34m[0m[0;34m[0m[0m
[0;32m----> 5[0;31m   [0maccuracy_neigh[0m[0;34m=[0m[0mround[0m[0;34m([0m[0maccuracy_score[0m[0;34m([0m[0my_test[0m[0;34m,[0m[0mtesting[0m[0;34m[[0m[0mi[0m[0;34m][0m[0;34m)[0m[0;34m*[0m [0;36m100[0m[0;34m,[0m [0;36m2[0m[0;34m)[0m[0;34m[0m[0;34m[0m[0m
[0m[1;32m      6[0m   [0macc_neigh[0m [0;34m=[0m [0mround[0m[0;34m([0m[0mneigh[0m[0;34m.[0m[0mscore[0m[0;34m([0m[0mX_train[0m[0;34m,[0m [0my_train[0m[0;34m)[0m [0;34m*[0m [0;36m100[0m[0;34m,[0m [0;36m2[0m[0;34m)[0m[0;34m[0m[0;34m[0m[0m
[1;32m      7[0m   [0mlistappend[0m[0;34m=[0m[0mlistnum[0m[0;34m[[0m[0mi[0m[0;34m][0m[0;34m[0m[0;34m[0m[0m

[0;32m/usr/local/lib/python3.7/dist-packages/sklearn/metrics/_classification.py[0m in [0;36maccuracy_score[0;34m(y_true, y_pred, normalize, sample_weight)[0m
[1;32m    209[0m [0;34m[0m[0m
[1;32m    210[0m     [0;31m# Compute accuracy for each possible representation[0m[0;34m[0m[0;34m[0m[0;34m[0m[0m
[0;32m--> 211[0;31m     [0my_type[0m[0;34m,[0m [0my_true[0m[0;34m,[0m [0my_pred[0m [0;34m=[0m [0m_check_targets[0m[0;34m([0m[0my_true[0m[0;34m,[0m [0my_pred[0m[0;34m)[0m[0;34m[0m[0;34m[0m[0m
[0m[1;32m    212[0m     [0mcheck_consistent_length[0m[0;34m([0m[0my_true[0m[0;34m,[0m [0my_pred[0m[0;34m,[0m [0msample_weight[0m[0;34m)[0m[0;34m[0m[0;34m[0m[0m
[1;32m    213[0m     [0;32mif[0m [0my_type[0m[0;34m.[0m[0mstartswith[0m[0;34m([0m[0;34m"multilabel"[0m[0;34m)[0m[0;34m:[0m[0;34m[0m[0;34m[0m[0m

[0;32m/usr/local/lib/python3.7/dist-packages/sklearn/metrics/_classification.py[0m in [0;36m_check_targets[0;34m(y_true, y_pred)[0m
[1;32m     83[0m     """
[1;32m     84[0m     [0mcheck_consistent_length[0m[0;34m([0m[0my_true[0m[0;34m,[0m [0my_pred[0m[0;34m)[0m[0;34m[0m[0;34m[0m[0m
[0;32m---> 85[0;31m     [0mtype_true[0m [0;34m=[0m [0mtype_of_target[0m[0;34m([0m[0my_true[0m[0;34m)[0m[0;34m[0m[0;34m[0m[0m
[0m[1;32m     86[0m     [0mtype_pred[0m [0;34m=[0m [0mtype_of_target[0m[0;34m([0m[0my_pred[0m[0;34m)[0m[0;34m[0m[0;34m[0m[0m
[1;32m     87[0m [0;34m[0m[0m

[0;32m/usr/local/lib/python3.7/dist-packages/sklearn/utils/multiclass.py[0m in [0;36mtype_of_target[0;34m(y)[0m
[1;32m    325[0m         [0;32mreturn[0m [0;34m"continuous"[0m [0;34m+[0m [0msuffix[0m[0;34m[0m[0;34m[0m[0m
[1;32m    326[0m [0;34m[0m[0m
[0;32m--> 327[0;31m     [0;32mif[0m [0;34m([0m[0mlen[0m[0;34m([0m[0mnp[0m[0;34m.[0m[0munique[0m[0;34m([0m[0my[0m[0;34m)[0m[0;34m)[0m [0;34m>[0m [0;36m2[0m[0;34m)[0m [0;32mor[0m [0;34m([0m[0my[0m[0;34m.[0m[0mndim[0m [0;34m>=[0m [0;36m2[0m [0;32mand[0m [0mlen[0m[0;34m([0m[0my[0m[0;34m[[0m[0;36m0[0m[0;34m][0m[0;34m)[0m [0;34m>[0m [0;36m1[0m[0;34m)[0m[0;34m:[0m[0;34m[0m[0;34m[0m[0m
[0m[1;32m    328[0m         [0;32mreturn[0m [0;34m"multiclass"[0m [0;34m+[0m [0msuffix[0m  [0;31m# [1, 2, 3] or [[1., 2., 3]] or [[1, 2]][0m[0;34m[0m[0;34m[0m[0m
[1;32m    329[0m     [0;32melse[0m[0;34m:[0m[0;34m[0m[0;34m[0m[0m

[0;32m<__array_function__ internals>[0m in [0;36munique[0;34m(*args, **kwargs)[0m

[0;32m/usr/local/lib/python3.7/dist-packages/numpy/lib/arraysetops.py[0m in [0;36munique[0;34m(ar, return_index, return_inverse, return_counts, axis)[0m
[1;32m    270[0m     [0mar[0m [0;34m=[0m [0mnp[0m[0;34m.[0m[0masanyarray[0m[0;34m([0m[0mar[0m[0;34m)[0m[0;34m[0m[0;34m[0m[0m
[1;32m    271[0m     [0;32mif[0m [0maxis[0m [0;32mis[0m [0;32mNone[0m[0;34m:[0m[0;34m[0m[0;34m[0m[0m
[0;32m--> 272[0;31m         [0mret[0m [0;34m=[0m [0m_unique1d[0m[0;34m([0m[0mar[0m[0;34m,[0m [0mreturn_index[0m[0;34m,[0m [0mreturn_inverse[0m[0;34m,[0m [0mreturn_counts[0m[0;34m)[0m[0;34m[0m[0;34m[0m[0m
[0m[1;32m    273[0m         [0;32mreturn[0m [0m_unpack_tuple[0m[0;34m([0m[0mret[0m[0;34m)[0m[0;34m[0m[0;34m[0m[0m
[1;32m    274[0m [0;34m[0m[0m

[0;32m/usr/local/lib/python3.7/dist-packages/numpy/lib/arraysetops.py[0m in [0;36m_unique1d[0;34m(ar, return_index, return_inverse, return_counts)[0m
[1;32m    331[0m         [0maux[0m [0;34m=[0m [0mar[0m[0;34m[[0m[0mperm[0m[0;34m][0m[0;34m[0m[0;34m[0m[0m
[1;32m    332[0m     [0;32melse[0m[0;34m:[0m[0;34m[0m[0;34m[0m[0m
[0;32m--> 333[0;31m         [0mar[0m[0;34m.[0m[0msort[0m[0;34m([0m[0;34m)[0m[0;34m[0m[0;34m[0m[0m
[0m[1;32m    334[0m         [0maux[0m [0;34m=[0m [0mar[0m[0;34m[0m[0;34m[0m[0m
[1;32m    335[0m     [0mmask[0m [0;34m=[0m [0mnp[0m[0;34m.[0m[0mempty[0m[0;34m([0m[0maux[0m[0;34m.[0m[0mshape[0m[0;34m,[0m [0mdtype[0m[0;34m=[0m[0mnp[0m[0;34m.[0m[0mbool_[0m[0;34m)[0m[0;34m[0m[0;34m[0m[0m

[0;31mTypeError[0m: '<' not supported between instances of 'float' and 'str'
TypeError: '<' not supported between instances of 'float' and 'str'

