Traceback (most recent call last):
  File "/usr/local/lib/python3.7/dist-packages/jupyter_cache/executors/utils.py", line 56, in single_nb_execution
    record_timing=False,
  File "/usr/local/lib/python3.7/dist-packages/nbclient/client.py", line 1204, in execute
    return NotebookClient(nb=nb, resources=resources, km=km, **kwargs).execute()
  File "/usr/local/lib/python3.7/dist-packages/nbclient/util.py", line 84, in wrapped
    return just_run(coro(*args, **kwargs))
  File "/usr/local/lib/python3.7/dist-packages/nbclient/util.py", line 62, in just_run
    return loop.run_until_complete(coro)
  File "/usr/lib/python3.7/asyncio/base_events.py", line 587, in run_until_complete
    return future.result()
  File "/usr/local/lib/python3.7/dist-packages/nbclient/client.py", line 664, in async_execute
    cell, index, execution_count=self.code_cells_executed + 1
  File "/usr/local/lib/python3.7/dist-packages/nbclient/client.py", line 965, in async_execute_cell
    await self._check_raise_for_error(cell, cell_index, exec_reply)
  File "/usr/local/lib/python3.7/dist-packages/nbclient/client.py", line 862, in _check_raise_for_error
    raise CellExecutionError.from_cell_and_msg(cell, exec_reply_content)
nbclient.exceptions.CellExecutionError: An error occurred while executing the following cell:
------------------
import nest_asyncio
nest_asyncio.apply() #digunakan sekali untuk mengaktifkan tindakan serentak dalam notebook jupyter.
import twint #untuk import twint
c = twint.Config()
c.Search = 'Anis Baswedan'
c.Pandas = True
c.Limit = 50
twint.run.Search(c)
------------------

[0;31m[0m
[0;31mAttributeError[0mTraceback (most recent call last)
[0;32m<ipython-input-5-a86227cf5794>[0m in [0;36m<module>[0;34m[0m
[1;32m      2[0m [0mnest_asyncio[0m[0;34m.[0m[0mapply[0m[0;34m([0m[0;34m)[0m [0;31m#digunakan sekali untuk mengaktifkan tindakan serentak dalam notebook jupyter.[0m[0;34m[0m[0;34m[0m[0m
[1;32m      3[0m [0;32mimport[0m [0mtwint[0m [0;31m#untuk import twint[0m[0;34m[0m[0;34m[0m[0m
[0;32m----> 4[0;31m [0mc[0m [0;34m=[0m [0mtwint[0m[0;34m.[0m[0mConfig[0m[0;34m([0m[0;34m)[0m[0;34m[0m[0;34m[0m[0m
[0m[1;32m      5[0m [0mc[0m[0;34m.[0m[0mSearch[0m [0;34m=[0m [0;34m'Anis Baswedan'[0m[0;34m[0m[0;34m[0m[0m
[1;32m      6[0m [0mc[0m[0;34m.[0m[0mPandas[0m [0;34m=[0m [0;32mTrue[0m[0;34m[0m[0;34m[0m[0m

[0;31mAttributeError[0m: module 'twint' has no attribute 'Config'
AttributeError: module 'twint' has no attribute 'Config'

